
a.out:     file format elf32-bigmips


Disassembly of section .text:

00000000 <inc_t5-0x4>:
   0:	08000003 	j	c <main>

00000004 <inc_t5>:
   4:	21ad0001 	addi	t5,t5,1
   8:	03e00008 	jr	ra

0000000c <main>:
   c:	00004025 	move	t0,zero
  10:	24090088 	li	t1,136
  14:	240a0099 	li	t2,153
  18:	0149082a 	slt	at,t2,t1
  1c:	10200001 	beqz	at,24 <l1>
  20:	21080001 	addi	t0,t0,1

00000024 <l1>:
  24:	24090088 	li	t1,136
  28:	240a0088 	li	t2,136
  2c:	11490001 	beq	t2,t1,34 <l2>
  30:	21080001 	addi	t0,t0,1

00000034 <l2>:
  34:	10000001 	b	3c <l3>
  38:	21080001 	addi	t0,t0,1

0000003c <l3>:
  3c:	1d200001 	bgtz	t1,44 <l4>
  40:	21080001 	addi	t0,t0,1

00000044 <l4>:
  44:	240bfff8 	li	t3,-8
  48:	19600001 	blez	t3,50 <l5>
  4c:	21080001 	addi	t0,t0,1

00000050 <l5>:
  50:	152b0001 	bne	t1,t3,58 <l6>
  54:	21080001 	addi	t0,t0,1

00000058 <l6>:
  58:	05600001 	bltz	t3,60 <l7>
  5c:	21080001 	addi	t0,t0,1

00000060 <l7>:
  60:	05700001 	bltzal	t3,68 <l8>
  64:	21080001 	addi	t0,t0,1

00000068 <l8>:
  68:	04010001 	b	70 <l9>
  6c:	21080001 	addi	t0,t0,1

00000070 <l9>:
  70:	04110001 	bal	78 <l10>
  74:	21080001 	addi	t0,t0,1

00000078 <l10>:
  78:	3c090000 	lui	t1,0x0
  7c:	25290004 	addiu	t1,t1,4
  80:	0120f809 	jalr	t1
  84:	0c000001 	jal	4 <inc_t5>
  88:	08000024 	j	90 <l11>
  8c:	21080001 	addi	t0,t0,1

00000090 <l11>:
  90:	00000000 	nop
